<?xml version="1.0" encoding="UTF-8"?>
<testng-results ignored="0" total="1" passed="1" failed="0" skipped="0">
  <reporter-output>
  </reporter-output>
  <suite started-at="2024-05-06T17:05:25 IST" name="Default suite" finished-at="2024-05-06T17:05:48 IST" duration-ms="23068">
    <groups>
      <group name="cucumber">
        <method signature="AbstractTestNGCucumberTests.runScenario(io.cucumber.testng.PickleWrapper,io.cucumber.testng.FeatureWrapper)[pri:0, instance:runner.RunCukesTest@36916eb0]" name="runScenario" class="io.cucumber.testng.AbstractTestNGCucumberTests"/>
      </group> <!-- cucumber -->
    </groups>
    <test started-at="2024-05-06T17:05:25 IST" name="Default test" finished-at="2024-05-06T17:05:48 IST" duration-ms="23068">
      <class name="runner.RunCukesTest">
        <test-method is-config="true" signature="setUpClass()[pri:0, instance:runner.RunCukesTest@36916eb0]" started-at="2024-05-06T17:05:25 IST" name="setUpClass" finished-at="2024-05-06T17:05:26 IST" duration-ms="583" status="PASS">
          <reporter-output>
          </reporter-output>
        </test-method> <!-- setUpClass -->
        <test-method signature="runScenario(io.cucumber.testng.PickleWrapper,io.cucumber.testng.FeatureWrapper)[pri:0, instance:runner.RunCukesTest@36916eb0]" started-at="2024-05-06T17:05:26 IST" name="runScenario" description="Runs Cucumber Scenarios" data-provider="scenarios" finished-at="2024-05-06T17:05:48 IST" duration-ms="22389" status="PASS">
          <params>
            <param index="0">
              <value>
                <![CDATA["Login Scenario - TC1"]]>
              </value>
            </param>
            <param index="1">
              <value>
                <![CDATA["Optional[Google search]"]]>
              </value>
            </param>
          </params>
          <reporter-output>
          </reporter-output>
        </test-method> <!-- runScenario -->
        <test-method is-config="true" signature="tearDownClass()[pri:0, instance:runner.RunCukesTest@36916eb0]" started-at="2024-05-06T17:05:48 IST" name="tearDownClass" finished-at="2024-05-06T17:05:48 IST" duration-ms="15" status="PASS">
          <reporter-output>
          </reporter-output>
        </test-method> <!-- tearDownClass -->
      </class> <!-- runner.RunCukesTest -->
    </test> <!-- Default test -->
  </suite> <!-- Default suite -->
</testng-results>
